app/build/intermediates/manifest_merge_blame_file/debug/processDebugMainManifest/manifest-merger-blame-debug-report.txt
1<?xml version="1.0" encoding="utf-8"?>
2<manifest xmlns:android="http://schemas.android.com/apk/res/android"
3    package="com.sovereign.app"
4    android:versionCode="1"
5    android:versionName="1.0.0" >
6
7    <uses-sdk
8        android:minSdkVersion="24"
9        android:targetSdkVersion="34" />
10
11    <!-- Core Permissions -->
12    <uses-permission android:name="android.permission.INTERNET" />
12-->src/main/AndroidManifest.xml:7:5-67
12-->src/main/AndroidManifest.xml:7:22-64
13    <uses-permission android:name="android.permission.ACCESS_NETWORK_STATE" />
13-->src/main/AndroidManifest.xml:8:5-79
13-->src/main/AndroidManifest.xml:8:22-76
14    <uses-permission android:name="android.permission.ACCESS_WIFI_STATE" />
14-->src/main/AndroidManifest.xml:9:5-76
14-->src/main/AndroidManifest.xml:9:22-73
15    <uses-permission android:name="android.permission.READ_PHONE_STATE" />
15-->src/main/AndroidManifest.xml:10:5-75
15-->src/main/AndroidManifest.xml:10:22-72
16
17    <!-- Screen Capture & Media Projection -->
18    <uses-permission android:name="android.permission.FOREGROUND_SERVICE" />
18-->src/main/AndroidManifest.xml:13:5-77
18-->src/main/AndroidManifest.xml:13:22-74
19    <uses-permission android:name="android.permission.FOREGROUND_SERVICE_MEDIA_PROJECTION" />
19-->src/main/AndroidManifest.xml:14:5-94
19-->src/main/AndroidManifest.xml:14:22-91
20    <uses-permission android:name="android.permission.FOREGROUND_SERVICE_DATA_SYNC" />
20-->src/main/AndroidManifest.xml:15:5-87
20-->src/main/AndroidManifest.xml:15:22-84
21    <uses-permission android:name="android.permission.SYSTEM_ALERT_WINDOW" />
21-->src/main/AndroidManifest.xml:16:5-78
21-->src/main/AndroidManifest.xml:16:22-75
22    <uses-permission android:name="android.permission.RECORD_AUDIO" />
22-->src/main/AndroidManifest.xml:17:5-71
22-->src/main/AndroidManifest.xml:17:22-68
23    <uses-permission android:name="android.permission.CAPTURE_VIDEO_OUTPUT" />
23-->src/main/AndroidManifest.xml:18:5-79
23-->src/main/AndroidManifest.xml:18:22-76
24    <uses-permission android:name="android.permission.CAPTURE_SECURE_VIDEO_OUTPUT" />
24-->src/main/AndroidManifest.xml:19:5-86
24-->src/main/AndroidManifest.xml:19:22-83
25
26    <!-- Storage -->
27    <uses-permission android:name="android.permission.READ_EXTERNAL_STORAGE" />
27-->src/main/AndroidManifest.xml:22:5-80
27-->src/main/AndroidManifest.xml:22:22-77
28    <uses-permission
28-->src/main/AndroidManifest.xml:23:5-24:38
29        android:name="android.permission.WRITE_EXTERNAL_STORAGE"
29-->src/main/AndroidManifest.xml:23:22-78
30        android:maxSdkVersion="28" />
30-->src/main/AndroidManifest.xml:24:9-35
31    <uses-permission android:name="android.permission.READ_MEDIA_IMAGES" />
31-->src/main/AndroidManifest.xml:25:5-76
31-->src/main/AndroidManifest.xml:25:22-73
32    <uses-permission android:name="android.permission.READ_MEDIA_VIDEO" />
32-->src/main/AndroidManifest.xml:26:5-75
32-->src/main/AndroidManifest.xml:26:22-72
33    <uses-permission android:name="android.permission.READ_MEDIA_AUDIO" />
33-->src/main/AndroidManifest.xml:27:5-75
33-->src/main/AndroidManifest.xml:27:22-72
34    <uses-permission android:name="android.permission.MANAGE_EXTERNAL_STORAGE" />
34-->src/main/AndroidManifest.xml:28:5-82
34-->src/main/AndroidManifest.xml:28:22-79
35
36    <!-- Wake Lock & Battery -->
37    <uses-permission android:name="android.permission.WAKE_LOCK" />
37-->src/main/AndroidManifest.xml:31:5-68
37-->src/main/AndroidManifest.xml:31:22-65
38    <uses-permission android:name="android.permission.REQUEST_IGNORE_BATTERY_OPTIMIZATIONS" />
38-->src/main/AndroidManifest.xml:32:5-95
38-->src/main/AndroidManifest.xml:32:22-92
39
40    <!-- Notifications -->
41    <uses-permission android:name="android.permission.POST_NOTIFICATIONS" />
41-->src/main/AndroidManifest.xml:35:5-77
41-->src/main/AndroidManifest.xml:35:22-74
42
43    <!-- Biometric -->
44    <uses-permission android:name="android.permission.USE_BIOMETRIC" />
44-->src/main/AndroidManifest.xml:38:5-72
44-->src/main/AndroidManifest.xml:38:22-69
45    <uses-permission android:name="android.permission.USE_FINGERPRINT" />
45-->src/main/AndroidManifest.xml:39:5-74
45-->src/main/AndroidManifest.xml:39:22-71
46
47    <!-- OTA Update Permissions -->
48    <uses-permission android:name="android.permission.REQUEST_INSTALL_PACKAGES" />
48-->src/main/AndroidManifest.xml:42:5-83
48-->src/main/AndroidManifest.xml:42:22-80
49    <uses-permission android:name="android.permission.QUERY_ALL_PACKAGES" />
49-->src/main/AndroidManifest.xml:43:5-77
49-->src/main/AndroidManifest.xml:43:22-74
50
51    <!-- App Features -->
52    <uses-feature
52-->src/main/AndroidManifest.xml:46:5-86
53        android:name="android.hardware.type.pc"
53-->src/main/AndroidManifest.xml:46:19-58
54        android:required="false" />
54-->src/main/AndroidManifest.xml:46:59-83
55    <uses-feature
55-->src/main/AndroidManifest.xml:47:5-94
56        android:name="android.hardware.screen.portrait"
56-->src/main/AndroidManifest.xml:47:19-66
57        android:required="false" />
57-->src/main/AndroidManifest.xml:47:67-91
58    <uses-feature
58-->src/main/AndroidManifest.xml:48:5-95
59        android:name="android.hardware.screen.landscape"
59-->src/main/AndroidManifest.xml:48:19-67
60        android:required="false" />
60-->src/main/AndroidManifest.xml:48:68-92
61
62    <uses-permission android:name="android.permission.RECEIVE_BOOT_COMPLETED" />
62-->[androidx.work:work-runtime:2.9.0] AndroidManifest.xml:25:5-81
62-->[androidx.work:work-runtime:2.9.0] AndroidManifest.xml:25:22-78
63
64    <permission
64-->[androidx.core:core:1.12.0] AndroidManifest.xml:22:5-24:47
65        android:name="com.sovereign.app.DYNAMIC_RECEIVER_NOT_EXPORTED_PERMISSION"
65-->[androidx.core:core:1.12.0] AndroidManifest.xml:23:9-81
66        android:protectionLevel="signature" />
66-->[androidx.core:core:1.12.0] AndroidManifest.xml:24:9-44
67
68    <uses-permission android:name="com.sovereign.app.DYNAMIC_RECEIVER_NOT_EXPORTED_PERMISSION" />
68-->[androidx.core:core:1.12.0] AndroidManifest.xml:26:5-97
68-->[androidx.core:core:1.12.0] AndroidManifest.xml:26:22-94
69
70    <application
70-->src/main/AndroidManifest.xml:50:5-145:19
71        android:name="com.sovereign.app.SovereignApplication"
71-->src/main/AndroidManifest.xml:51:9-45
72        android:allowBackup="false"
72-->src/main/AndroidManifest.xml:52:9-36
73        android:appComponentFactory="androidx.core.app.CoreComponentFactory"
73-->[androidx.core:core:1.12.0] AndroidManifest.xml:28:18-86
74        android:dataExtractionRules="@xml/data_extraction_rules"
74-->src/main/AndroidManifest.xml:53:9-65
75        android:debuggable="true"
76        android:extractNativeLibs="false"
77        android:fullBackupContent="@xml/backup_rules"
77-->src/main/AndroidManifest.xml:54:9-54
78        android:icon="@mipmap/ic_launcher"
78-->src/main/AndroidManifest.xml:55:9-43
79        android:label="@string/app_name"
79-->src/main/AndroidManifest.xml:56:9-41
80        android:roundIcon="@mipmap/ic_launcher_round"
80-->src/main/AndroidManifest.xml:57:9-54
81        android:supportsRtl="true"
81-->src/main/AndroidManifest.xml:58:9-35
82        android:theme="@style/Theme.Sovereign"
82-->src/main/AndroidManifest.xml:59:9-47
83        android:usesCleartextTraffic="true" >
83-->src/main/AndroidManifest.xml:60:9-44
84        <activity
84-->src/main/AndroidManifest.xml:63:9-81:20
85            android:name="com.sovereign.app.MainActivity"
85-->src/main/AndroidManifest.xml:64:13-41
86            android:exported="true"
86-->src/main/AndroidManifest.xml:65:13-36
87            android:launchMode="singleTop"
87-->src/main/AndroidManifest.xml:66:13-43
88            android:resizeableActivity="true"
88-->src/main/AndroidManifest.xml:69:13-46
89            android:supportsPictureInPicture="true"
89-->src/main/AndroidManifest.xml:70:13-52
90            android:theme="@style/Theme.Sovereign"
90-->src/main/AndroidManifest.xml:67:13-51
91            android:windowSoftInputMode="adjustResize" >
91-->src/main/AndroidManifest.xml:68:13-55
92            <intent-filter>
92-->src/main/AndroidManifest.xml:71:13-74:29
93                <action android:name="android.intent.action.MAIN" />
93-->src/main/AndroidManifest.xml:72:17-69
93-->src/main/AndroidManifest.xml:72:25-66
94
95                <category android:name="android.intent.category.LAUNCHER" />
95-->src/main/AndroidManifest.xml:73:17-77
95-->src/main/AndroidManifest.xml:73:27-74
96            </intent-filter>
97            <intent-filter>
97-->src/main/AndroidManifest.xml:75:13-80:29
98                <action android:name="android.intent.action.VIEW" />
98-->src/main/AndroidManifest.xml:76:17-69
98-->src/main/AndroidManifest.xml:76:25-66
99
100                <category android:name="android.intent.category.DEFAULT" />
100-->src/main/AndroidManifest.xml:77:17-76
100-->src/main/AndroidManifest.xml:77:27-73
101                <category android:name="android.intent.category.BROWSABLE" />
101-->src/main/AndroidManifest.xml:78:17-78
101-->src/main/AndroidManifest.xml:78:27-75
102
103                <data android:scheme="sovereign" />
103-->src/main/AndroidManifest.xml:79:17-52
103-->src/main/AndroidManifest.xml:79:23-49
104            </intent-filter>
105        </activity>
106
107        <!-- Floating Overlay Permission Activity -->
108        <activity
108-->src/main/AndroidManifest.xml:84:9-87:75
109            android:name="com.sovereign.app.OverlayPermissionActivity"
109-->src/main/AndroidManifest.xml:85:13-54
110            android:exported="false"
110-->src/main/AndroidManifest.xml:86:13-37
111            android:theme="@android:style/Theme.Translucent.NoTitleBar" />
111-->src/main/AndroidManifest.xml:87:13-72
112
113        <!-- Update Installation Activity -->
114        <activity
114-->src/main/AndroidManifest.xml:90:9-93:75
115            android:name="com.sovereign.app.updater.UpdateInstallActivity"
115-->src/main/AndroidManifest.xml:91:13-58
116            android:exported="false"
116-->src/main/AndroidManifest.xml:92:13-37
117            android:theme="@android:style/Theme.Translucent.NoTitleBar" />
117-->src/main/AndroidManifest.xml:93:13-72
118
119        <!-- Foreground Services -->
120        <service
120-->src/main/AndroidManifest.xml:96:9-101:79
121            android:name="com.sovereign.app.LocalSyncService"
121-->src/main/AndroidManifest.xml:97:13-45
122            android:enabled="true"
122-->src/main/AndroidManifest.xml:98:13-35
123            android:exported="false"
123-->src/main/AndroidManifest.xml:99:13-37
124            android:foregroundServiceType="mediaProjection|dataSync"
124-->src/main/AndroidManifest.xml:100:13-69
125            android:permission="android.permission.BIND_FOREGROUND_SERVICE" />
125-->src/main/AndroidManifest.xml:101:13-76
126        <service
126-->src/main/AndroidManifest.xml:103:9-108:79
127            android:name="com.sovereign.app.CaptureService"
127-->src/main/AndroidManifest.xml:104:13-43
128            android:enabled="true"
128-->src/main/AndroidManifest.xml:105:13-35
129            android:exported="false"
129-->src/main/AndroidManifest.xml:106:13-37
130            android:foregroundServiceType="mediaProjection"
130-->src/main/AndroidManifest.xml:107:13-60
131            android:permission="android.permission.BIND_FOREGROUND_SERVICE" />
131-->src/main/AndroidManifest.xml:108:13-76
132
133        <!-- Media Projection Service -->
134        <service
134-->src/main/AndroidManifest.xml:111:9-116:77
135            android:name="com.sovereign.app.MediaProjectionService"
135-->src/main/AndroidManifest.xml:112:13-51
136            android:enabled="true"
136-->src/main/AndroidManifest.xml:113:13-35
137            android:exported="false"
137-->src/main/AndroidManifest.xml:114:13-37
138            android:foregroundServiceType="mediaProjection"
138-->src/main/AndroidManifest.xml:115:13-60
139            android:permission="android.permission.BIND_MEDIA_PROJECTION" />
139-->src/main/AndroidManifest.xml:116:13-74
140
141        <!-- OTA Update Service -->
142        <service
142-->src/main/AndroidManifest.xml:119:9-124:79
143            android:name="com.sovereign.app.updater.OTAUpdateService"
143-->src/main/AndroidManifest.xml:120:13-53
144            android:enabled="true"
144-->src/main/AndroidManifest.xml:121:13-35
145            android:exported="false"
145-->src/main/AndroidManifest.xml:122:13-37
146            android:foregroundServiceType="dataSync"
146-->src/main/AndroidManifest.xml:123:13-53
147            android:permission="android.permission.BIND_FOREGROUND_SERVICE" />
147-->src/main/AndroidManifest.xml:124:13-76
148
149        <!-- FileProvider for OTA APK sharing -->
150        <provider
151            android:name="androidx.core.content.FileProvider"
151-->src/main/AndroidManifest.xml:136:13-62
152            android:authorities="com.sovereign.app.fileprovider"
152-->src/main/AndroidManifest.xml:137:13-64
153            android:exported="false"
153-->src/main/AndroidManifest.xml:138:13-37
154            android:grantUriPermissions="true" >
154-->src/main/AndroidManifest.xml:139:13-47
155            <meta-data
155-->src/main/AndroidManifest.xml:140:13-142:63
156                android:name="android.support.FILE_PROVIDER_PATHS"
156-->src/main/AndroidManifest.xml:141:17-67
157                android:resource="@xml/file_provider_paths" />
157-->src/main/AndroidManifest.xml:142:17-60
158        </provider>
159
160        <uses-library
160-->[androidx.window:window:1.2.0] AndroidManifest.xml:23:9-25:40
161            android:name="androidx.window.extensions"
161-->[androidx.window:window:1.2.0] AndroidManifest.xml:24:13-54
162            android:required="false" />
162-->[androidx.window:window:1.2.0] AndroidManifest.xml:25:13-37
163        <uses-library
163-->[androidx.window:window:1.2.0] AndroidManifest.xml:26:9-28:40
164            android:name="androidx.window.sidecar"
164-->[androidx.window:window:1.2.0] AndroidManifest.xml:27:13-51
165            android:required="false" />
165-->[androidx.window:window:1.2.0] AndroidManifest.xml:28:13-37
166
167        <provider
167-->[androidx.work:work-runtime:2.9.0] AndroidManifest.xml:29:9-37:20
168            android:name="androidx.startup.InitializationProvider"
168-->[androidx.work:work-runtime:2.9.0] AndroidManifest.xml:30:13-67
169            android:authorities="com.sovereign.app.androidx-startup"
169-->[androidx.work:work-runtime:2.9.0] AndroidManifest.xml:31:13-68
170            android:exported="false" >
170-->[androidx.work:work-runtime:2.9.0] AndroidManifest.xml:32:13-37
171            <meta-data
171-->[androidx.work:work-runtime:2.9.0] AndroidManifest.xml:34:13-36:52
172                android:name="androidx.work.WorkManagerInitializer"
172-->[androidx.work:work-runtime:2.9.0] AndroidManifest.xml:35:17-68
173                android:value="androidx.startup" />
173-->[androidx.work:work-runtime:2.9.0] AndroidManifest.xml:36:17-49
174            <meta-data
174-->[androidx.emoji2:emoji2:1.3.0] AndroidManifest.xml:29:13-31:52
175                android:name="androidx.emoji2.text.EmojiCompatInitializer"
175-->[androidx.emoji2:emoji2:1.3.0] AndroidManifest.xml:30:17-75
176                android:value="androidx.startup" />
176-->[androidx.emoji2:emoji2:1.3.0] AndroidManifest.xml:31:17-49
177            <meta-data
177-->[androidx.lifecycle:lifecycle-process:2.7.0] AndroidManifest.xml:29:13-31:52
178                android:name="androidx.lifecycle.ProcessLifecycleInitializer"
178-->[androidx.lifecycle:lifecycle-process:2.7.0] AndroidManifest.xml:30:17-78
179                android:value="androidx.startup" />
179-->[androidx.lifecycle:lifecycle-process:2.7.0] AndroidManifest.xml:31:17-49
180            <meta-data
180-->[androidx.profileinstaller:profileinstaller:1.3.0] AndroidManifest.xml:29:13-31:52
181                android:name="androidx.profileinstaller.ProfileInstallerInitializer"
181-->[androidx.profileinstaller:profileinstaller:1.3.0] AndroidManifest.xml:30:17-85
182                android:value="androidx.startup" />
182-->[androidx.profileinstaller:profileinstaller:1.3.0] AndroidManifest.xml:31:17-49
183        </provider>
184
185        <service
185-->[androidx.work:work-runtime:2.9.0] AndroidManifest.xml:39:9-45:35
186            android:name="androidx.work.impl.background.systemalarm.SystemAlarmService"
186-->[androidx.work:work-runtime:2.9.0] AndroidManifest.xml:40:13-88
187            android:directBootAware="false"
187-->[androidx.work:work-runtime:2.9.0] AndroidManifest.xml:41:13-44
188            android:enabled="@bool/enable_system_alarm_service_default"
188-->[androidx.work:work-runtime:2.9.0] AndroidManifest.xml:42:13-72
189            android:exported="false" />
189-->[androidx.work:work-runtime:2.9.0] AndroidManifest.xml:43:13-37
190        <service
190-->[androidx.work:work-runtime:2.9.0] AndroidManifest.xml:46:9-52:35
191            android:name="androidx.work.impl.background.systemjob.SystemJobService"
191-->[androidx.work:work-runtime:2.9.0] AndroidManifest.xml:47:13-84
192            android:directBootAware="false"
192-->[androidx.work:work-runtime:2.9.0] AndroidManifest.xml:48:13-44
193            android:enabled="@bool/enable_system_job_service_default"
193-->[androidx.work:work-runtime:2.9.0] AndroidManifest.xml:49:13-70
194            android:exported="true"
194-->[androidx.work:work-runtime:2.9.0] AndroidManifest.xml:50:13-36
195            android:permission="android.permission.BIND_JOB_SERVICE" />
195-->[androidx.work:work-runtime:2.9.0] AndroidManifest.xml:51:13-69
196        <service
196-->[androidx.work:work-runtime:2.9.0] AndroidManifest.xml:53:9-59:35
197            android:name="androidx.work.impl.foreground.SystemForegroundService"
197-->[androidx.work:work-runtime:2.9.0] AndroidManifest.xml:54:13-81
198            android:directBootAware="false"
198-->[androidx.work:work-runtime:2.9.0] AndroidManifest.xml:55:13-44
199            android:enabled="@bool/enable_system_foreground_service_default"
199-->[androidx.work:work-runtime:2.9.0] AndroidManifest.xml:56:13-77
200            android:exported="false" />
200-->[androidx.work:work-runtime:2.9.0] AndroidManifest.xml:57:13-37
201
202        <receiver
202-->[androidx.work:work-runtime:2.9.0] AndroidManifest.xml:61:9-66:35
203            android:name="androidx.work.impl.utils.ForceStopRunnable$BroadcastReceiver"
203-->[androidx.work:work-runtime:2.9.0] AndroidManifest.xml:62:13-88
204            android:directBootAware="false"
204-->[androidx.work:work-runtime:2.9.0] AndroidManifest.xml:63:13-44
205            android:enabled="true"
205-->[androidx.work:work-runtime:2.9.0] AndroidManifest.xml:64:13-35
206            android:exported="false" />
206-->[androidx.work:work-runtime:2.9.0] AndroidManifest.xml:65:13-37
207        <receiver
207-->[androidx.work:work-runtime:2.9.0] AndroidManifest.xml:67:9-77:20
208            android:name="androidx.work.impl.background.systemalarm.ConstraintProxy$BatteryChargingProxy"
208-->[androidx.work:work-runtime:2.9.0] AndroidManifest.xml:68:13-106
209            android:directBootAware="false"
209-->[androidx.work:work-runtime:2.9.0] AndroidManifest.xml:69:13-44
210            android:enabled="false"
210-->[androidx.work:work-runtime:2.9.0] AndroidManifest.xml:70:13-36
211            android:exported="false" >
211-->[androidx.work:work-runtime:2.9.0] AndroidManifest.xml:71:13-37
212            <intent-filter>
212-->[androidx.work:work-runtime:2.9.0] AndroidManifest.xml:73:13-76:29
213                <action android:name="android.intent.action.ACTION_POWER_CONNECTED" />
213-->[androidx.work:work-runtime:2.9.0] AndroidManifest.xml:74:17-87
213-->[androidx.work:work-runtime:2.9.0] AndroidManifest.xml:74:25-84
214                <action android:name="android.intent.action.ACTION_POWER_DISCONNECTED" />
214-->[androidx.work:work-runtime:2.9.0] AndroidManifest.xml:75:17-90
214-->[androidx.work:work-runtime:2.9.0] AndroidManifest.xml:75:25-87
215            </intent-filter>
216        </receiver>
217        <receiver
217-->[androidx.work:work-runtime:2.9.0] AndroidManifest.xml:78:9-88:20
218            android:name="androidx.work.impl.background.systemalarm.ConstraintProxy$BatteryNotLowProxy"
218-->[androidx.work:work-runtime:2.9.0] AndroidManifest.xml:79:13-104
219            android:directBootAware="false"
219-->[androidx.work:work-runtime:2.9.0] AndroidManifest.xml:80:13-44
220            android:enabled="false"
220-->[androidx.work:work-runtime:2.9.0] AndroidManifest.xml:81:13-36
221            android:exported="false" >
221-->[androidx.work:work-runtime:2.9.0] AndroidManifest.xml:82:13-37
222            <intent-filter>
222-->[androidx.work:work-runtime:2.9.0] AndroidManifest.xml:84:13-87:29
223                <action android:name="android.intent.action.BATTERY_OKAY" />
223-->[androidx.work:work-runtime:2.9.0] AndroidManifest.xml:85:17-77
223-->[androidx.work:work-runtime:2.9.0] AndroidManifest.xml:85:25-74
224                <action android:name="android.intent.action.BATTERY_LOW" />
224-->[androidx.work:work-runtime:2.9.0] AndroidManifest.xml:86:17-76
224-->[androidx.work:work-runtime:2.9.0] AndroidManifest.xml:86:25-73
225            </intent-filter>
226        </receiver>
227        <receiver
227-->[androidx.work:work-runtime:2.9.0] AndroidManifest.xml:89:9-99:20
228            android:name="androidx.work.impl.background.systemalarm.ConstraintProxy$StorageNotLowProxy"
228-->[androidx.work:work-runtime:2.9.0] AndroidManifest.xml:90:13-104
229            android:directBootAware="false"
229-->[androidx.work:work-runtime:2.9.0] AndroidManifest.xml:91:13-44
230            android:enabled="false"
230-->[androidx.work:work-runtime:2.9.0] AndroidManifest.xml:92:13-36
231            android:exported="false" >
231-->[androidx.work:work-runtime:2.9.0] AndroidManifest.xml:93:13-37
232            <intent-filter>
232-->[androidx.work:work-runtime:2.9.0] AndroidManifest.xml:95:13-98:29
233                <action android:name="android.intent.action.DEVICE_STORAGE_LOW" />
233-->[androidx.work:work-runtime:2.9.0] AndroidManifest.xml:96:17-83
233-->[androidx.work:work-runtime:2.9.0] AndroidManifest.xml:96:25-80
234                <action android:name="android.intent.action.DEVICE_STORAGE_OK" />
234-->[androidx.work:work-runtime:2.9.0] AndroidManifest.xml:97:17-82
234-->[androidx.work:work-runtime:2.9.0] AndroidManifest.xml:97:25-79
235            </intent-filter>
236        </receiver>
237        <receiver
237-->[androidx.work:work-runtime:2.9.0] AndroidManifest.xml:100:9-109:20
238            android:name="androidx.work.impl.background.systemalarm.ConstraintProxy$NetworkStateProxy"
238-->[androidx.work:work-runtime:2.9.0] AndroidManifest.xml:101:13-103
239            android:directBootAware="false"
239-->[androidx.work:work-runtime:2.9.0] AndroidManifest.xml:102:13-44
240            android:enabled="false"
240-->[androidx.work:work-runtime:2.9.0] AndroidManifest.xml:103:13-36
241            android:exported="false" >
241-->[androidx.work:work-runtime:2.9.0] AndroidManifest.xml:104:13-37
242            <intent-filter>
242-->[androidx.work:work-runtime:2.9.0] AndroidManifest.xml:106:13-108:29
243                <action android:name="android.net.conn.CONNECTIVITY_CHANGE" />
243-->[androidx.work:work-runtime:2.9.0] AndroidManifest.xml:107:17-79
243-->[androidx.work:work-runtime:2.9.0] AndroidManifest.xml:107:25-76
244            </intent-filter>
245        </receiver>
246        <receiver
246-->[androidx.work:work-runtime:2.9.0] AndroidManifest.xml:110:9-121:20
247            android:name="androidx.work.impl.background.systemalarm.RescheduleReceiver"
247-->[androidx.work:work-runtime:2.9.0] AndroidManifest.xml:111:13-88
248            android:directBootAware="false"
248-->[androidx.work:work-runtime:2.9.0] AndroidManifest.xml:112:13-44
249            android:enabled="false"
249-->[androidx.work:work-runtime:2.9.0] AndroidManifest.xml:113:13-36
250            android:exported="false" >
250-->[androidx.work:work-runtime:2.9.0] AndroidManifest.xml:114:13-37
251            <intent-filter>
251-->[androidx.work:work-runtime:2.9.0] AndroidManifest.xml:116:13-120:29
252                <action android:name="android.intent.action.BOOT_COMPLETED" />
252-->[androidx.work:work-runtime:2.9.0] AndroidManifest.xml:117:17-79
252-->[androidx.work:work-runtime:2.9.0] AndroidManifest.xml:117:25-76
253                <action android:name="android.intent.action.TIME_SET" />
253-->[androidx.work:work-runtime:2.9.0] AndroidManifest.xml:118:17-73
253-->[androidx.work:work-runtime:2.9.0] AndroidManifest.xml:118:25-70
254                <action android:name="android.intent.action.TIMEZONE_CHANGED" />
254-->[androidx.work:work-runtime:2.9.0] AndroidManifest.xml:119:17-81
254-->[androidx.work:work-runtime:2.9.0] AndroidManifest.xml:119:25-78
255            </intent-filter>
256        </receiver>
257        <receiver
257-->[androidx.work:work-runtime:2.9.0] AndroidManifest.xml:122:9-131:20
258            android:name="androidx.work.impl.background.systemalarm.ConstraintProxyUpdateReceiver"
258-->[androidx.work:work-runtime:2.9.0] AndroidManifest.xml:123:13-99
259            android:directBootAware="false"
259-->[androidx.work:work-runtime:2.9.0] AndroidManifest.xml:124:13-44
260            android:enabled="@bool/enable_system_alarm_service_default"
260-->[androidx.work:work-runtime:2.9.0] AndroidManifest.xml:125:13-72
261            android:exported="false" >
261-->[androidx.work:work-runtime:2.9.0] AndroidManifest.xml:126:13-37
262            <intent-filter>
262-->[androidx.work:work-runtime:2.9.0] AndroidManifest.xml:128:13-130:29
263                <action android:name="androidx.work.impl.background.systemalarm.UpdateProxies" />
263-->[androidx.work:work-runtime:2.9.0] AndroidManifest.xml:129:17-98
263-->[androidx.work:work-runtime:2.9.0] AndroidManifest.xml:129:25-95
264            </intent-filter>
265        </receiver>
266        <receiver
266-->[androidx.work:work-runtime:2.9.0] AndroidManifest.xml:132:9-142:20
267            android:name="androidx.work.impl.diagnostics.DiagnosticsReceiver"
267-->[androidx.work:work-runtime:2.9.0] AndroidManifest.xml:133:13-78
268            android:directBootAware="false"
268-->[androidx.work:work-runtime:2.9.0] AndroidManifest.xml:134:13-44
269            android:enabled="true"
269-->[androidx.work:work-runtime:2.9.0] AndroidManifest.xml:135:13-35
270            android:exported="true"
270-->[androidx.work:work-runtime:2.9.0] AndroidManifest.xml:136:13-36
271            android:permission="android.permission.DUMP" >
271-->[androidx.work:work-runtime:2.9.0] AndroidManifest.xml:137:13-57
272            <intent-filter>
272-->[androidx.work:work-runtime:2.9.0] AndroidManifest.xml:139:13-141:29
273                <action android:name="androidx.work.diagnostics.REQUEST_DIAGNOSTICS" />
273-->[androidx.work:work-runtime:2.9.0] AndroidManifest.xml:140:17-88
273-->[androidx.work:work-runtime:2.9.0] AndroidManifest.xml:140:25-85
274            </intent-filter>
275        </receiver>
276
277        <activity
277-->[androidx.compose.ui:ui-tooling-android:1.6.1] AndroidManifest.xml:23:9-25:39
278            android:name="androidx.compose.ui.tooling.PreviewActivity"
278-->[androidx.compose.ui:ui-tooling-android:1.6.1] AndroidManifest.xml:24:13-71
279            android:exported="true" />
279-->[androidx.compose.ui:ui-tooling-android:1.6.1] AndroidManifest.xml:25:13-36
280
281        <service
281-->[androidx.room:room-runtime:2.5.0] AndroidManifest.xml:24:9-28:63
282            android:name="androidx.room.MultiInstanceInvalidationService"
282-->[androidx.room:room-runtime:2.5.0] AndroidManifest.xml:25:13-74
283            android:directBootAware="true"
283-->[androidx.room:room-runtime:2.5.0] AndroidManifest.xml:26:13-43
284            android:exported="false" />
284-->[androidx.room:room-runtime:2.5.0] AndroidManifest.xml:27:13-37
285
286        <receiver
286-->[androidx.profileinstaller:profileinstaller:1.3.0] AndroidManifest.xml:34:9-52:20
287            android:name="androidx.profileinstaller.ProfileInstallReceiver"
287-->[androidx.profileinstaller:profileinstaller:1.3.0] AndroidManifest.xml:35:13-76
288            android:directBootAware="false"
288-->[androidx.profileinstaller:profileinstaller:1.3.0] AndroidManifest.xml:36:13-44
289            android:enabled="true"
289-->[androidx.profileinstaller:profileinstaller:1.3.0] AndroidManifest.xml:37:13-35
290            android:exported="true"
290-->[androidx.profileinstaller:profileinstaller:1.3.0] AndroidManifest.xml:38:13-36
291            android:permission="android.permission.DUMP" >
291-->[androidx.profileinstaller:profileinstaller:1.3.0] AndroidManifest.xml:39:13-57
292            <intent-filter>
292-->[androidx.profileinstaller:profileinstaller:1.3.0] AndroidManifest.xml:40:13-42:29
293                <action android:name="androidx.profileinstaller.action.INSTALL_PROFILE" />
293-->[androidx.profileinstaller:profileinstaller:1.3.0] AndroidManifest.xml:41:17-91
293-->[androidx.profileinstaller:profileinstaller:1.3.0] AndroidManifest.xml:41:25-88
294            </intent-filter>
295            <intent-filter>
295-->[androidx.profileinstaller:profileinstaller:1.3.0] AndroidManifest.xml:43:13-45:29
296                <action android:name="androidx.profileinstaller.action.SKIP_FILE" />
296-->[androidx.profileinstaller:profileinstaller:1.3.0] AndroidManifest.xml:44:17-85
296-->[androidx.profileinstaller:profileinstaller:1.3.0] AndroidManifest.xml:44:25-82
297            </intent-filter>
298            <intent-filter>
298-->[androidx.profileinstaller:profileinstaller:1.3.0] AndroidManifest.xml:46:13-48:29
299                <action android:name="androidx.profileinstaller.action.SAVE_PROFILE" />
299-->[androidx.profileinstaller:profileinstaller:1.3.0] AndroidManifest.xml:47:17-88
299-->[androidx.profileinstaller:profileinstaller:1.3.0] AndroidManifest.xml:47:25-85
300            </intent-filter>